<?xml version="1.0" encoding="UTF-8"?>
<testng-results total="8" passed="7" failed="1" skipped="0">
  <reporter-output>
  </reporter-output>
  <suite started-at="2022-08-13T04:19:13Z" name="Reportes" finished-at="2022-08-13T04:20:10Z" duration-ms="56846">
    <groups>
    </groups>
    <test started-at="2022-08-13T04:19:13Z" name="Registro" finished-at="2022-08-13T04:19:25Z" duration-ms="11585">
      <class name="com.tarea4.selenium.Registro">
        <test-method is-config="true" signature="beforeClass()[pri:0, instance:com.tarea4.selenium.Registro@73a8da0f]" started-at="2022-08-13T00:19:13Z" name="beforeClass" finished-at="2022-08-13T00:19:17Z" duration-ms="3801" status="PASS">
          <reporter-output>
          </reporter-output>
        </test-method> <!-- beforeClass -->
        <test-method signature="Registro()[pri:0, instance:com.tarea4.selenium.Registro@73a8da0f]" started-at="2022-08-13T00:19:17Z" name="Registro" finished-at="2022-08-13T00:19:25Z" duration-ms="7414" status="PASS">
          <reporter-output>
          </reporter-output>
        </test-method> <!-- Registro -->
        <test-method is-config="true" signature="afterClass()[pri:0, instance:com.tarea4.selenium.Registro@73a8da0f]" started-at="2022-08-13T00:19:25Z" name="afterClass" finished-at="2022-08-13T00:19:25Z" duration-ms="345" status="PASS">
          <reporter-output>
          </reporter-output>
        </test-method> <!-- afterClass -->
      </class> <!-- com.tarea4.selenium.Registro -->
    </test> <!-- Registro -->
    <test started-at="2022-08-13T04:19:25Z" name="Login" finished-at="2022-08-13T04:19:43Z" duration-ms="18585">
      <class name="com.tarea4.selenium.Login">
        <test-method is-config="true" signature="beforeClass()[pri:0, instance:com.tarea4.selenium.Login@3561c410]" started-at="2022-08-13T00:19:25Z" name="beforeClass" finished-at="2022-08-13T00:19:28Z" duration-ms="2996" status="PASS">
          <reporter-output>
          </reporter-output>
        </test-method> <!-- beforeClass -->
        <test-method signature="Login(java.lang.String, java.lang.String)[pri:0, instance:com.tarea4.selenium.Login@3561c410]" started-at="2022-08-13T00:19:28Z" name="Login" data-provider="dataAuthentification" finished-at="2022-08-13T00:19:36Z" duration-ms="8580" status="PASS">
          <params>
            <param index="0">
              <value>
                <![CDATA[hegel.2000000@gmail.com]]>
              </value>
            </param>
            <param index="1">
              <value>
                <![CDATA[123456]]>
              </value>
            </param>
          </params>
          <reporter-output>
          </reporter-output>
        </test-method> <!-- Login -->
        <test-method signature="Login(java.lang.String, java.lang.String)[pri:0, instance:com.tarea4.selenium.Login@3561c410]" started-at="2022-08-13T00:19:36Z" name="Login" data-provider="dataAuthentification" finished-at="2022-08-13T00:19:43Z" duration-ms="6750" status="FAIL">
          <params>
            <param index="0">
              <value>
                <![CDATA[sarante4@gmail.com]]>
              </value>
            </param>
            <param index="1">
              <value>
                <![CDATA[1211212]]>
              </value>
            </param>
          </params>
          <exception class="org.openqa.selenium.NoSuchElementException">
            <message>
              <![CDATA[no such element: Unable to locate element: {"method":"css selector","selector":"a.logout"}
  (Session info: chrome=104.0.5112.81)
For documentation on this error, please visit: https://www.seleniumhq.org/exceptions/no_such_element.html
Build info: version: '3.141.59', revision: 'e82be7d358', time: '2018-11-14T08:17:03'
System info: host: 'DESKTOP-B7GBJ6U', ip: '192.168.1.9', os.name: 'Windows 11', os.arch: 'amd64', os.version: '10.0', java.version: '17.0.4'
Driver info: org.openqa.selenium.chrome.ChromeDriver
Capabilities {acceptInsecureCerts: false, browserName: chrome, browserVersion: 104.0.5112.81, chrome: {chromedriverVersion: 104.0.5112.79 (3cf3e8c8a07d..., userDataDir: C:\Users\18297\AppData\Loca...}, goog:chromeOptions: {debuggerAddress: localhost:59681}, javascriptEnabled: true, networkConnectionEnabled: false, pageLoadStrategy: normal, platform: WINDOWS, platformName: WINDOWS, proxy: Proxy(), setWindowRect: true, strictFileInteractability: false, timeouts: {implicit: 0, pageLoad: 300000, script: 30000}, unhandledPromptBehavior: dismiss and notify, webauthn:extension:credBlob: true, webauthn:extension:largeBlob: true, webauthn:virtualAuthenticators: true}
Session ID: a4b4f6e9f8e9ec50efeb6982c25bf2a7
*** Element info: {Using=css selector, value=a.logout}]]>
            </message>
            <full-stacktrace>
              <![CDATA[org.openqa.selenium.NoSuchElementException: no such element: Unable to locate element: {"method":"css selector","selector":"a.logout"}
  (Session info: chrome=104.0.5112.81)
For documentation on this error, please visit: https://www.seleniumhq.org/exceptions/no_such_element.html
Build info: version: '3.141.59', revision: 'e82be7d358', time: '2018-11-14T08:17:03'
System info: host: 'DESKTOP-B7GBJ6U', ip: '192.168.1.9', os.name: 'Windows 11', os.arch: 'amd64', os.version: '10.0', java.version: '17.0.4'
Driver info: org.openqa.selenium.chrome.ChromeDriver
Capabilities {acceptInsecureCerts: false, browserName: chrome, browserVersion: 104.0.5112.81, chrome: {chromedriverVersion: 104.0.5112.79 (3cf3e8c8a07d..., userDataDir: C:\Users\18297\AppData\Loca...}, goog:chromeOptions: {debuggerAddress: localhost:59681}, javascriptEnabled: true, networkConnectionEnabled: false, pageLoadStrategy: normal, platform: WINDOWS, platformName: WINDOWS, proxy: Proxy(), setWindowRect: true, strictFileInteractability: false, timeouts: {implicit: 0, pageLoad: 300000, script: 30000}, unhandledPromptBehavior: dismiss and notify, webauthn:extension:credBlob: true, webauthn:extension:largeBlob: true, webauthn:virtualAuthenticators: true}
Session ID: a4b4f6e9f8e9ec50efeb6982c25bf2a7
*** Element info: {Using=css selector, value=a.logout}
	at java.base/jdk.internal.reflect.NativeConstructorAccessorImpl.newInstance0(Native Method)
	at java.base/jdk.internal.reflect.NativeConstructorAccessorImpl.newInstance(NativeConstructorAccessorImpl.java:77)
	at java.base/jdk.internal.reflect.DelegatingConstructorAccessorImpl.newInstance(DelegatingConstructorAccessorImpl.java:45)
	at java.base/java.lang.reflect.Constructor.newInstanceWithCaller(Constructor.java:499)
	at java.base/java.lang.reflect.Constructor.newInstance(Constructor.java:480)
	at org.openqa.selenium.remote.http.W3CHttpResponseCodec.createException(W3CHttpResponseCodec.java:187)
	at org.openqa.selenium.remote.http.W3CHttpResponseCodec.decode(W3CHttpResponseCodec.java:122)
	at org.openqa.selenium.remote.http.W3CHttpResponseCodec.decode(W3CHttpResponseCodec.java:49)
	at org.openqa.selenium.remote.HttpCommandExecutor.execute(HttpCommandExecutor.java:158)
	at org.openqa.selenium.remote.service.DriverCommandExecutor.execute(DriverCommandExecutor.java:83)
	at org.openqa.selenium.remote.RemoteWebDriver.execute(RemoteWebDriver.java:552)
	at org.openqa.selenium.remote.RemoteWebDriver.findElement(RemoteWebDriver.java:323)
	at org.openqa.selenium.remote.RemoteWebDriver.findElementByCssSelector(RemoteWebDriver.java:420)
	at org.openqa.selenium.By$ByCssSelector.findElement(By.java:431)
	at org.openqa.selenium.remote.RemoteWebDriver.findElement(RemoteWebDriver.java:315)
	at com.tarea4.selenium.Login.Login(Login.java:46)
	at java.base/jdk.internal.reflect.NativeMethodAccessorImpl.invoke0(Native Method)
	at java.base/jdk.internal.reflect.NativeMethodAccessorImpl.invoke(NativeMethodAccessorImpl.java:77)
	at java.base/jdk.internal.reflect.DelegatingMethodAccessorImpl.invoke(DelegatingMethodAccessorImpl.java:43)
	at java.base/java.lang.reflect.Method.invoke(Method.java:568)
	at org.testng.internal.MethodInvocationHelper.invokeMethod(MethodInvocationHelper.java:80)
	at org.testng.internal.Invoker.invokeMethod(Invoker.java:714)
	at org.testng.internal.Invoker.invokeTestMethod(Invoker.java:901)
	at org.testng.internal.Invoker.invokeTestMethods(Invoker.java:1231)
	at org.testng.internal.TestMethodWorker.invokeTestMethods(TestMethodWorker.java:127)
	at org.testng.internal.TestMethodWorker.run(TestMethodWorker.java:111)
	at org.testng.TestRunner.privateRun(TestRunner.java:767)
	at org.testng.TestRunner.run(TestRunner.java:617)
	at org.testng.SuiteRunner.runTest(SuiteRunner.java:334)
	at org.testng.SuiteRunner.runSequentially(SuiteRunner.java:329)
	at org.testng.SuiteRunner.privateRun(SuiteRunner.java:291)
	at org.testng.SuiteRunner.run(SuiteRunner.java:240)
	at org.testng.SuiteRunnerWorker.runSuite(SuiteRunnerWorker.java:52)
	at org.testng.SuiteRunnerWorker.run(SuiteRunnerWorker.java:86)
	at org.testng.TestNG.runSuitesSequentially(TestNG.java:1198)
	at org.testng.TestNG.runSuitesLocally(TestNG.java:1123)
	at org.testng.TestNG.run(TestNG.java:1031)
	at org.testng.remote.AbstractRemoteTestNG.run(AbstractRemoteTestNG.java:115)
	at org.testng.remote.RemoteTestNG.initAndRun(RemoteTestNG.java:251)
	at org.testng.remote.RemoteTestNG.main(RemoteTestNG.java:77)
]]>
            </full-stacktrace>
          </exception> <!-- org.openqa.selenium.NoSuchElementException -->
          <reporter-output>
          </reporter-output>
        </test-method> <!-- Login -->
        <test-method is-config="true" signature="afterClass()[pri:0, instance:com.tarea4.selenium.Login@3561c410]" started-at="2022-08-13T00:19:43Z" name="afterClass" finished-at="2022-08-13T00:19:43Z" duration-ms="250" status="PASS">
          <reporter-output>
          </reporter-output>
        </test-method> <!-- afterClass -->
      </class> <!-- com.tarea4.selenium.Login -->
    </test> <!-- Login -->
    <test started-at="2022-08-13T04:19:44Z" name="LoginStatus" finished-at="2022-08-13T04:19:53Z" duration-ms="9559">
      <class name="com.tarea4.selenium.LoginStatus">
        <test-method is-config="true" signature="beforeClass()[pri:0, instance:com.tarea4.selenium.LoginStatus@3d246ea3]" started-at="2022-08-13T00:19:44Z" name="beforeClass" finished-at="2022-08-13T00:19:47Z" duration-ms="3708" status="PASS">
          <reporter-output>
          </reporter-output>
        </test-method> <!-- beforeClass -->
        <test-method signature="Login(java.lang.String, java.lang.String)[pri:0, instance:com.tarea4.selenium.LoginStatus@3d246ea3]" started-at="2022-08-13T00:19:47Z" name="Login" data-provider="dataAuthentification" finished-at="2022-08-13T00:19:50Z" duration-ms="3061" status="PASS">
          <params>
            <param index="0">
              <value>
                <![CDATA[sarante4@gmail.com]]>
              </value>
            </param>
            <param index="1">
              <value>
                <![CDATA[123131123]]>
              </value>
            </param>
          </params>
          <reporter-output>
          </reporter-output>
        </test-method> <!-- Login -->
        <test-method signature="Login(java.lang.String, java.lang.String)[pri:0, instance:com.tarea4.selenium.LoginStatus@3d246ea3]" started-at="2022-08-13T00:19:50Z" name="Login" data-provider="dataAuthentification" finished-at="2022-08-13T00:19:53Z" duration-ms="2550" status="PASS">
          <params>
            <param index="0">
              <value>
                <![CDATA[sarante4@gmail.com]]>
              </value>
            </param>
            <param index="1">
              <value>
                <![CDATA[1211212]]>
              </value>
            </param>
          </params>
          <reporter-output>
          </reporter-output>
        </test-method> <!-- Login -->
        <test-method is-config="true" signature="afterClass()[pri:0, instance:com.tarea4.selenium.LoginStatus@3d246ea3]" started-at="2022-08-13T00:19:53Z" name="afterClass" finished-at="2022-08-13T00:19:53Z" duration-ms="238" status="PASS">
          <reporter-output>
          </reporter-output>
        </test-method> <!-- afterClass -->
      </class> <!-- com.tarea4.selenium.LoginStatus -->
    </test> <!-- LoginStatus -->
    <test started-at="2022-08-13T04:19:53Z" name="Contacto" finished-at="2022-08-13T04:19:59Z" duration-ms="6257">
      <class name="com.tarea4.selenium.Contactos">
        <test-method is-config="true" signature="beforeClass()[pri:0, instance:com.tarea4.selenium.Contactos@5454d35e]" started-at="2022-08-13T00:19:53Z" name="beforeClass" finished-at="2022-08-13T00:19:56Z" duration-ms="3036" status="PASS">
          <reporter-output>
          </reporter-output>
        </test-method> <!-- beforeClass -->
        <test-method signature="Contacto()[pri:0, instance:com.tarea4.selenium.Contactos@5454d35e]" started-at="2022-08-13T00:19:56Z" name="Contacto" finished-at="2022-08-13T00:19:59Z" duration-ms="2946" status="PASS">
          <reporter-output>
          </reporter-output>
        </test-method> <!-- Contacto -->
        <test-method is-config="true" signature="afterClass()[pri:0, instance:com.tarea4.selenium.Contactos@5454d35e]" started-at="2022-08-13T00:19:59Z" name="afterClass" finished-at="2022-08-13T00:19:59Z" duration-ms="271" status="PASS">
          <reporter-output>
          </reporter-output>
        </test-method> <!-- afterClass -->
      </class> <!-- com.tarea4.selenium.Contactos -->
    </test> <!-- Contacto -->
    <test started-at="2022-08-13T04:19:59Z" name="SuscribirseCorrecto" finished-at="2022-08-13T04:20:05Z" duration-ms="6017">
      <class name="com.tarea4.selenium.SuscribirseCorrecto">
        <test-method is-config="true" signature="beforeClass()[pri:0, instance:com.tarea4.selenium.SuscribirseCorrecto@82ea68c]" started-at="2022-08-13T00:19:59Z" name="beforeClass" finished-at="2022-08-13T00:20:03Z" duration-ms="3337" status="PASS">
          <reporter-output>
          </reporter-output>
        </test-method> <!-- beforeClass -->
        <test-method signature="Suscribir()[pri:0, instance:com.tarea4.selenium.SuscribirseCorrecto@82ea68c]" started-at="2022-08-13T00:20:03Z" name="Suscribir" finished-at="2022-08-13T00:20:05Z" duration-ms="2114" status="PASS">
          <reporter-output>
          </reporter-output>
        </test-method> <!-- Suscribir -->
        <test-method is-config="true" signature="afterClass()[pri:0, instance:com.tarea4.selenium.SuscribirseCorrecto@82ea68c]" started-at="2022-08-13T00:20:05Z" name="afterClass" finished-at="2022-08-13T00:20:05Z" duration-ms="564" status="PASS">
          <reporter-output>
          </reporter-output>
        </test-method> <!-- afterClass -->
      </class> <!-- com.tarea4.selenium.SuscribirseCorrecto -->
    </test> <!-- SuscribirseCorrecto -->
    <test started-at="2022-08-13T04:20:05Z" name="SuscribirseError" finished-at="2022-08-13T04:20:10Z" duration-ms="4793">
      <class name="com.tarea4.selenium.SuscribirseError">
        <test-method is-config="true" signature="beforeClass()[pri:0, instance:com.tarea4.selenium.SuscribirseError@74a6f9c1]" started-at="2022-08-13T00:20:05Z" name="beforeClass" finished-at="2022-08-13T00:20:09Z" duration-ms="3157" status="PASS">
          <reporter-output>
          </reporter-output>
        </test-method> <!-- beforeClass -->
        <test-method signature="Suscribir()[pri:0, instance:com.tarea4.selenium.SuscribirseError@74a6f9c1]" started-at="2022-08-13T00:20:09Z" name="Suscribir" finished-at="2022-08-13T00:20:10Z" duration-ms="1117" status="PASS">
          <reporter-output>
          </reporter-output>
        </test-method> <!-- Suscribir -->
        <test-method is-config="true" signature="afterClass()[pri:0, instance:com.tarea4.selenium.SuscribirseError@74a6f9c1]" started-at="2022-08-13T00:20:10Z" name="afterClass" finished-at="2022-08-13T00:20:10Z" duration-ms="519" status="PASS">
          <reporter-output>
          </reporter-output>
        </test-method> <!-- afterClass -->
      </class> <!-- com.tarea4.selenium.SuscribirseError -->
    </test> <!-- SuscribirseError -->
  </suite> <!-- Reportes -->
</testng-results>
